2021-01-24T13:09:32+00:00 CRITICAL syntax error, unexpected end of file in C:\xampp\htdocs\www\wd-tshop\wp-content\themes\nguyenhuutien\inc\functions.php on line 129

2021-01-24T13:09:35+00:00 CRITICAL syntax error, unexpected end of file in C:\xampp\htdocs\www\wd-tshop\wp-content\themes\nguyenhuutien\inc\functions.php on line 129

2021-01-24T13:11:24+00:00 CRITICAL syntax error, unexpected '}' in C:\xampp\htdocs\www\wd-tshop\wp-content\themes\nguyenhuutien\inc\functions.php on line 136

2021-01-24T13:11:25+00:00 CRITICAL syntax error, unexpected '}' in C:\xampp\htdocs\www\wd-tshop\wp-content\themes\nguyenhuutien\inc\functions.php on line 136

2021-01-24T13:22:21+00:00 CRITICAL syntax error, unexpected ')' in C:\xampp\htdocs\www\wd-tshop\wp-content\themes\nguyenhuutien\inc\functions.php on line 127

2021-01-24T13:22:23+00:00 CRITICAL syntax error, unexpected ')' in C:\xampp\htdocs\www\wd-tshop\wp-content\themes\nguyenhuutien\inc\functions.php on line 127

2021-01-24T13:22:25+00:00 CRITICAL syntax error, unexpected ')' in C:\xampp\htdocs\www\wd-tshop\wp-content\themes\nguyenhuutien\inc\functions.php on line 127

2021-01-24T13:22:26+00:00 CRITICAL syntax error, unexpected ')' in C:\xampp\htdocs\www\wd-tshop\wp-content\themes\nguyenhuutien\inc\functions.php on line 127

2021-01-24T13:27:27+00:00 CRITICAL syntax error, unexpected ')' in C:\xampp\htdocs\www\wd-tshop\wp-content\themes\nguyenhuutien\inc\functions.php on line 128

2021-01-24T13:27:29+00:00 CRITICAL syntax error, unexpected ')' in C:\xampp\htdocs\www\wd-tshop\wp-content\themes\nguyenhuutien\inc\functions.php on line 128

2021-01-24T13:27:29+00:00 CRITICAL syntax error, unexpected ')' in C:\xampp\htdocs\www\wd-tshop\wp-content\themes\nguyenhuutien\inc\functions.php on line 128

2021-01-24T13:27:33+00:00 CRITICAL syntax error, unexpected '}' in C:\xampp\htdocs\www\wd-tshop\wp-content\themes\nguyenhuutien\inc\functions.php on line 129

2021-01-24T13:27:35+00:00 CRITICAL syntax error, unexpected '}' in C:\xampp\htdocs\www\wd-tshop\wp-content\themes\nguyenhuutien\inc\functions.php on line 129

2021-01-24T13:29:11+00:00 CRITICAL syntax error, unexpected '.' in C:\xampp\htdocs\www\wd-tshop\wp-content\themes\nguyenhuutien\inc\functions.php on line 128

2021-01-24T13:31:17+00:00 CRITICAL syntax error, unexpected '.' in C:\xampp\htdocs\www\wd-tshop\wp-content\themes\nguyenhuutien\inc\functions.php on line 130

2021-01-24T13:31:17+00:00 CRITICAL syntax error, unexpected '.' in C:\xampp\htdocs\www\wd-tshop\wp-content\themes\nguyenhuutien\inc\functions.php on line 130

2021-01-24T13:31:18+00:00 CRITICAL syntax error, unexpected '.' in C:\xampp\htdocs\www\wd-tshop\wp-content\themes\nguyenhuutien\inc\functions.php on line 130

2021-01-24T13:31:38+00:00 CRITICAL syntax error, unexpected ')' in C:\xampp\htdocs\www\wd-tshop\wp-content\themes\nguyenhuutien\inc\functions.php on line 132

2021-01-24T13:31:40+00:00 CRITICAL syntax error, unexpected ')' in C:\xampp\htdocs\www\wd-tshop\wp-content\themes\nguyenhuutien\inc\functions.php on line 132

2021-01-24T13:31:46+00:00 CRITICAL syntax error, unexpected '}' in C:\xampp\htdocs\www\wd-tshop\wp-content\themes\nguyenhuutien\inc\functions.php on line 133

2021-01-24T13:32:08+00:00 CRITICAL syntax error, unexpected '}', expecting variable (T_VARIABLE) or '$' in C:\xampp\htdocs\www\wd-tshop\wp-content\themes\nguyenhuutien\inc\functions.php on line 134

2021-01-24T13:32:11+00:00 CRITICAL syntax error, unexpected '}', expecting variable (T_VARIABLE) or '$' in C:\xampp\htdocs\www\wd-tshop\wp-content\themes\nguyenhuutien\inc\functions.php on line 134

2021-01-24T13:36:06+00:00 CRITICAL syntax error, unexpected ')', expecting variable (T_VARIABLE) or '{' or '$' in C:\xampp\htdocs\www\wd-tshop\wp-content\themes\nguyenhuutien\inc\functions.php on line 136

2021-01-24T13:36:08+00:00 CRITICAL syntax error, unexpected ')', expecting variable (T_VARIABLE) or '{' or '$' in C:\xampp\htdocs\www\wd-tshop\wp-content\themes\nguyenhuutien\inc\functions.php on line 136

2021-01-24T13:44:42+00:00 CRITICAL syntax error, unexpected 'echo' (T_ECHO) in C:\xampp\htdocs\www\wd-tshop\wp-content\themes\nguyenhuutien\inc\functions.php on line 137

2021-01-24T13:44:44+00:00 CRITICAL syntax error, unexpected 'echo' (T_ECHO) in C:\xampp\htdocs\www\wd-tshop\wp-content\themes\nguyenhuutien\inc\functions.php on line 137

2021-01-24T13:45:35+00:00 CRITICAL Object of class WP_Term could not be converted to string in C:\xampp\htdocs\www\wd-tshop\wp-content\themes\nguyenhuutien\inc\functions.php on line 139

2021-01-24T13:49:48+00:00 CRITICAL syntax error, unexpected ')' in C:\xampp\htdocs\www\wd-tshop\wp-content\themes\nguyenhuutien\inc\functions.php on line 143

2021-01-24T13:49:49+00:00 CRITICAL syntax error, unexpected ')' in C:\xampp\htdocs\www\wd-tshop\wp-content\themes\nguyenhuutien\inc\functions.php on line 143

2021-01-24T13:49:50+00:00 CRITICAL syntax error, unexpected ')' in C:\xampp\htdocs\www\wd-tshop\wp-content\themes\nguyenhuutien\inc\functions.php on line 143

2021-01-24T13:49:51+00:00 CRITICAL syntax error, unexpected ')' in C:\xampp\htdocs\www\wd-tshop\wp-content\themes\nguyenhuutien\inc\functions.php on line 143

2021-01-24T13:50:12+00:00 CRITICAL syntax error, unexpected '}' in C:\xampp\htdocs\www\wd-tshop\wp-content\themes\nguyenhuutien\inc\functions.php on line 144

2021-01-24T13:50:14+00:00 CRITICAL syntax error, unexpected '}' in C:\xampp\htdocs\www\wd-tshop\wp-content\themes\nguyenhuutien\inc\functions.php on line 144

2021-01-24T13:50:21+00:00 CRITICAL syntax error, unexpected '}' in C:\xampp\htdocs\www\wd-tshop\wp-content\themes\nguyenhuutien\inc\functions.php on line 144

2021-01-24T13:50:23+00:00 CRITICAL syntax error, unexpected '{' in C:\xampp\htdocs\www\wd-tshop\wp-content\themes\nguyenhuutien\inc\functions.php on line 143

2021-01-24T13:56:40+00:00 CRITICAL syntax error, unexpected ')' in C:\xampp\htdocs\www\wd-tshop\wp-content\themes\nguyenhuutien\inc\functions.php on line 142

2021-01-24T13:56:42+00:00 CRITICAL syntax error, unexpected ')' in C:\xampp\htdocs\www\wd-tshop\wp-content\themes\nguyenhuutien\inc\functions.php on line 143

2021-01-24T13:56:43+00:00 CRITICAL syntax error, unexpected ')' in C:\xampp\htdocs\www\wd-tshop\wp-content\themes\nguyenhuutien\inc\functions.php on line 143

2021-01-24T13:56:44+00:00 CRITICAL syntax error, unexpected ')' in C:\xampp\htdocs\www\wd-tshop\wp-content\themes\nguyenhuutien\inc\functions.php on line 143

2021-01-24T22:39:26+00:00 CRITICAL syntax error, unexpected ')' in C:\xampp\htdocs\www\wd-tshop\wp-content\themes\nguyenhuutien\inc\functions.php on line 146

2021-01-24T22:39:28+00:00 CRITICAL syntax error, unexpected ')' in C:\xampp\htdocs\www\wd-tshop\wp-content\themes\nguyenhuutien\inc\functions.php on line 146

2021-01-24T22:39:31+00:00 CRITICAL syntax error, unexpected '!' in C:\xampp\htdocs\www\wd-tshop\wp-content\themes\nguyenhuutien\inc\functions.php on line 143

2021-01-24T22:39:33+00:00 CRITICAL syntax error, unexpected ')' in C:\xampp\htdocs\www\wd-tshop\wp-content\themes\nguyenhuutien\inc\functions.php on line 146

2021-01-24T22:39:34+00:00 CRITICAL syntax error, unexpected ')' in C:\xampp\htdocs\www\wd-tshop\wp-content\themes\nguyenhuutien\inc\functions.php on line 146

2021-01-24T22:39:35+00:00 CRITICAL syntax error, unexpected ')' in C:\xampp\htdocs\www\wd-tshop\wp-content\themes\nguyenhuutien\inc\functions.php on line 146

2021-01-24T22:39:36+00:00 CRITICAL syntax error, unexpected ')' in C:\xampp\htdocs\www\wd-tshop\wp-content\themes\nguyenhuutien\inc\functions.php on line 146

2021-01-24T22:39:39+00:00 CRITICAL syntax error, unexpected ')' in C:\xampp\htdocs\www\wd-tshop\wp-content\themes\nguyenhuutien\inc\functions.php on line 147

2021-01-24T22:39:40+00:00 CRITICAL syntax error, unexpected ')' in C:\xampp\htdocs\www\wd-tshop\wp-content\themes\nguyenhuutien\inc\functions.php on line 147

2021-01-24T22:41:40+00:00 CRITICAL syntax error, unexpected 'if' (T_IF) in C:\xampp\htdocs\www\wd-tshop\wp-content\themes\nguyenhuutien\inc\functions.php on line 144

2021-01-24T23:01:06+00:00 CRITICAL syntax error, unexpected ')' in C:\xampp\htdocs\www\wd-tshop\wp-content\themes\nguyenhuutien\inc\functions.php on line 142

2021-01-24T23:01:08+00:00 CRITICAL syntax error, unexpected ')' in C:\xampp\htdocs\www\wd-tshop\wp-content\themes\nguyenhuutien\inc\functions.php on line 142

2021-01-24T23:01:41+00:00 CRITICAL syntax error, unexpected '.' in C:\xampp\htdocs\www\wd-tshop\wp-content\themes\nguyenhuutien\inc\functions.php on line 143

2021-01-24T23:01:42+00:00 CRITICAL syntax error, unexpected '.' in C:\xampp\htdocs\www\wd-tshop\wp-content\themes\nguyenhuutien\inc\functions.php on line 143

2021-01-24T23:07:19+00:00 CRITICAL syntax error, unexpected ';', expecting ')' in C:\xampp\htdocs\www\wd-tshop\wp-content\themes\nguyenhuutien\inc\functions.php on line 191

2021-01-24T23:07:20+00:00 CRITICAL syntax error, unexpected ';', expecting ')' in C:\xampp\htdocs\www\wd-tshop\wp-content\themes\nguyenhuutien\inc\functions.php on line 191

